<?xml version="1.0" encoding="UTF-8"?>
<testsuite xmlns:xsi="http://www.w3.org/2001/XMLSchema-instance" xsi:noNamespaceSchemaLocation="https://maven.apache.org/surefire/maven-surefire-plugin/xsd/surefire-test-report.xsd" name="ssvv.dreamteam.MainTest" time="0.146" tests="3" errors="0" skipped="0" failures="0">
  <properties>
[...]
</properties>
  <testcase name="shouldAnswerWithTrue" classname="ssvv.dreamteam.MainTest" time="0"/>
  <testcase name="testAddStudentId" classname="ssvv.dreamteam.MainTest" time="0.135"/>
  <testcase name="testAddStudentGroup" classname="ssvv.dreamteam.MainTest" time="0.011"/>
</testsuite>